app/build/intermediates/manifest_merge_blame_file/debug/manifest-merger-blame-debug-report.txt
1<?xml version="1.0" encoding="utf-8"?>
2<manifest xmlns:android="http://schemas.android.com/apk/res/android"
3    package="kr.co.alphanewcare"
4    android:versionCode="214"
5    android:versionName="2.1.4" >
6
7    <uses-sdk
8        android:minSdkVersion="23"
8-->src/main/AndroidManifest.xml
9        android:targetSdkVersion="29" />
9-->src/main/AndroidManifest.xml
10
11    <uses-permission android:name="android.permission.INTERNET" />
11-->src/main/AndroidManifest.xml:8:5-67
11-->src/main/AndroidManifest.xml:8:22-64
12    <uses-permission android:name="android.permission.ACCESS_NETWORK_STATE" />
12-->src/main/AndroidManifest.xml:9:5-79
12-->src/main/AndroidManifest.xml:9:22-76
13    <uses-permission android:name="android.permission.CAMERA" />
13-->src/main/AndroidManifest.xml:11:5-65
13-->src/main/AndroidManifest.xml:11:22-62
14    <uses-permission android:name="android.permission.WRITE_EXTERNAL_STORAGE" />
14-->src/main/AndroidManifest.xml:12:5-81
14-->src/main/AndroidManifest.xml:12:22-78
15    <uses-permission android:name="android.permission.READ_EXTERNAL_STORAGE" />
15-->src/main/AndroidManifest.xml:13:5-80
15-->src/main/AndroidManifest.xml:13:22-77
16
17    <uses-feature
17-->src/main/AndroidManifest.xml:15:5-17:36
18        android:name="android.hardware.camera"
18-->src/main/AndroidManifest.xml:16:9-47
19        android:required="false" />
19-->src/main/AndroidManifest.xml:17:9-33
20    <uses-feature
20-->src/main/AndroidManifest.xml:18:5-20:36
21        android:name="android.hardware.camera.autofocus"
21-->src/main/AndroidManifest.xml:19:9-57
22        android:required="false" />
22-->src/main/AndroidManifest.xml:20:9-33
23
24    <uses-permission android:name="android.permission.VIBRATE" />
24-->src/main/AndroidManifest.xml:22:5-66
24-->src/main/AndroidManifest.xml:22:22-63
25    <uses-permission android:name="android.permission.WAKE_LOCK" />
25-->src/main/AndroidManifest.xml:23:5-68
25-->src/main/AndroidManifest.xml:23:22-65
26    <uses-permission android:name="android.permission.RECEIVE_BOOT_COMPLETED" />
26-->src/main/AndroidManifest.xml:24:5-81
26-->src/main/AndroidManifest.xml:24:22-78
27
28    <!-- Required by older versions of Google Play services to create IID tokens -->
29    <uses-permission android:name="com.google.android.c2dm.permission.RECEIVE" />
29-->[com.google.firebase:firebase-iid:21.0.0] AndroidManifest.xml:26:5-82
29-->[com.google.firebase:firebase-iid:21.0.0] AndroidManifest.xml:26:22-79
30    <uses-permission android:name="com.google.android.finsky.permission.BIND_GET_INSTALL_REFERRER_SERVICE" />
30-->[com.google.android.gms:play-services-measurement:18.0.0] AndroidManifest.xml:26:5-110
30-->[com.google.android.gms:play-services-measurement:18.0.0] AndroidManifest.xml:26:22-107
31
32    <application
32-->src/main/AndroidManifest.xml:26:5-186:19
33        android:allowBackup="true"
33-->src/main/AndroidManifest.xml:27:9-35
34        android:appComponentFactory="androidx.core.app.CoreComponentFactory"
34-->[androidx.core:core:1.0.1] AndroidManifest.xml:22:18-86
35        android:debuggable="true"
36        android:extractNativeLibs="false"
37        android:icon="@mipmap/ic_launcher"
37-->src/main/AndroidManifest.xml:28:9-43
38        android:label="@string/app_name"
38-->src/main/AndroidManifest.xml:29:9-41
39        android:largeHeap="true"
39-->src/main/AndroidManifest.xml:30:9-33
40        android:requestLegacyExternalStorage="true"
40-->src/main/AndroidManifest.xml:34:9-52
41        android:roundIcon="@mipmap/ic_launcher_round"
41-->src/main/AndroidManifest.xml:31:9-54
42        android:supportsRtl="true"
42-->src/main/AndroidManifest.xml:32:9-35
43        android:testOnly="true"
44        android:theme="@style/AppTheme"
44-->src/main/AndroidManifest.xml:33:9-40
45        android:usesCleartextTraffic="true" >
45-->src/main/AndroidManifest.xml:35:9-44
46
47        <!-- android:networkSecurityConfig="@xml/network_security_config" -->
48        <meta-data
48-->src/main/AndroidManifest.xml:37:9-39:50
49            android:name="com.google.firebase.messaging.default_notification_channel_id"
49-->src/main/AndroidManifest.xml:38:13-89
50            android:value="default_channel_id" />
50-->src/main/AndroidManifest.xml:39:13-47
51        <meta-data
51-->src/main/AndroidManifest.xml:40:9-42:37
52            android:name="firebase_messaging_auto_init_enabled"
52-->src/main/AndroidManifest.xml:41:13-64
53            android:value="false" />
53-->src/main/AndroidManifest.xml:42:13-34
54        <meta-data
54-->src/main/AndroidManifest.xml:43:9-45:37
55            android:name="firebase_analytics_collection_enabled"
55-->src/main/AndroidManifest.xml:44:13-65
56            android:value="false" />
56-->src/main/AndroidManifest.xml:45:13-34
57
58        <!-- <service -->
59        <!-- android:name="kr.co.alphanewcare.MyFireBaseMessagingService" -->
60        <!-- android:enabled="true" -->
61        <!-- android:exported="false" -->
62        <!-- android:stopWithTask="false" /> -->
63
64        <service android:name="kr.co.alphanewcare.MyFireBaseMessagingService" >
64-->src/main/AndroidManifest.xml:54:9-58:19
64-->src/main/AndroidManifest.xml:54:18-60
65            <intent-filter>
65-->src/main/AndroidManifest.xml:55:13-57:29
66                <action android:name="com.google.firebase.MESSAGING_EVENT" />
66-->src/main/AndroidManifest.xml:56:17-78
66-->src/main/AndroidManifest.xml:56:25-75
67            </intent-filter>
68        </service>
69
70        <!-- <receiver -->
71        <!-- android:name=".AlarmBroadcastReceiver" -->
72        <!-- android:enabled="true" -->
73        <!-- android:exported="true"> -->
74        <!-- <intent-filter> -->
75        <!-- <action android:name="NOTIFYCATION_SERVICE"/> -->
76        <!-- </intent-filter> -->
77        <!-- </receiver> -->
78
79        <activity
79-->src/main/AndroidManifest.xml:70:9-80:20
80            android:name="kr.co.alphanewcare.IntroActivity"
80-->src/main/AndroidManifest.xml:71:13-60
81            android:screenOrientation="portrait" >
81-->src/main/AndroidManifest.xml:72:13-49
82            <intent-filter>
82-->src/main/AndroidManifest.xml:73:13-79:29
83                <action android:name="android.intent.action.MAIN" />
83-->src/main/AndroidManifest.xml:74:17-69
83-->src/main/AndroidManifest.xml:74:25-66
84                <action android:name="android.intent.action.VIEW" />
84-->src/main/AndroidManifest.xml:75:17-69
84-->src/main/AndroidManifest.xml:75:25-66
85
86                <category android:name="android.intent.category.LAUNCHER" />
86-->src/main/AndroidManifest.xml:77:17-77
86-->src/main/AndroidManifest.xml:77:27-74
87
88                <action android:name="com.google.firebase.MESSAGING_EVENT" />
88-->src/main/AndroidManifest.xml:56:17-78
88-->src/main/AndroidManifest.xml:56:25-75
89            </intent-filter>
90        </activity>
91        <activity
91-->src/main/AndroidManifest.xml:83:9-86:47
92            android:name="kr.co.alphanewcare.MainActivity"
92-->src/main/AndroidManifest.xml:84:13-59
93            android:screenOrientation="portrait"
93-->src/main/AndroidManifest.xml:85:13-49
94            android:theme="@style/AppTheme" />
94-->src/main/AndroidManifest.xml:86:13-44
95        <activity
95-->src/main/AndroidManifest.xml:89:9-92:48
96            android:name="kr.co.alphanewcare.CreateAccountActivity"
96-->src/main/AndroidManifest.xml:90:13-68
97            android:screenOrientation="portrait"
97-->src/main/AndroidManifest.xml:91:13-49
98            android:theme="@style/EditTheme" />
98-->src/main/AndroidManifest.xml:92:13-45
99        <activity
99-->src/main/AndroidManifest.xml:93:9-97:58
100            android:name="kr.co.alphanewcare.LoginActivity"
100-->src/main/AndroidManifest.xml:94:13-60
101            android:screenOrientation="portrait"
101-->src/main/AndroidManifest.xml:95:13-49
102            android:theme="@style/EditTheme"
102-->src/main/AndroidManifest.xml:96:13-45
103            android:windowSoftInputMode="adjustResize" />
103-->src/main/AndroidManifest.xml:97:13-55
104        <activity
104-->src/main/AndroidManifest.xml:99:9-102:48
105            android:name="kr.co.alphanewcare.ChangePasswordActivity"
105-->src/main/AndroidManifest.xml:100:13-69
106            android:screenOrientation="portrait"
106-->src/main/AndroidManifest.xml:101:13-49
107            android:theme="@style/EditTheme" />
107-->src/main/AndroidManifest.xml:102:13-45
108        <activity
108-->src/main/AndroidManifest.xml:103:9-106:48
109            android:name="kr.co.alphanewcare.ResetPasswordActivity"
109-->src/main/AndroidManifest.xml:104:13-68
110            android:screenOrientation="portrait"
110-->src/main/AndroidManifest.xml:105:13-49
111            android:theme="@style/EditTheme" />
111-->src/main/AndroidManifest.xml:106:13-45
112        <activity
112-->src/main/AndroidManifest.xml:108:9-111:48
113            android:name="kr.co.alphanewcare.AddPet"
113-->src/main/AndroidManifest.xml:109:13-53
114            android:screenOrientation="portrait"
114-->src/main/AndroidManifest.xml:110:13-49
115            android:theme="@style/EditTheme" />
115-->src/main/AndroidManifest.xml:111:13-45
116        <activity
116-->src/main/AndroidManifest.xml:112:9-115:48
117            android:name="kr.co.alphanewcare.ModifyPet"
117-->src/main/AndroidManifest.xml:113:13-56
118            android:screenOrientation="portrait"
118-->src/main/AndroidManifest.xml:114:13-49
119            android:theme="@style/EditTheme" />
119-->src/main/AndroidManifest.xml:115:13-45
120        <activity
120-->src/main/AndroidManifest.xml:117:9-120:48
121            android:name="kr.co.alphanewcare.CareActivity"
121-->src/main/AndroidManifest.xml:118:13-59
122            android:screenOrientation="portrait"
122-->src/main/AndroidManifest.xml:119:13-49
123            android:theme="@style/EditTheme" />
123-->src/main/AndroidManifest.xml:120:13-45
124        <activity
124-->src/main/AndroidManifest.xml:122:9-125:48
125            android:name="kr.co.alphanewcare.CareAddActivity"
125-->src/main/AndroidManifest.xml:123:13-62
126            android:screenOrientation="portrait"
126-->src/main/AndroidManifest.xml:124:13-49
127            android:theme="@style/EditTheme" />
127-->src/main/AndroidManifest.xml:125:13-45
128        <activity
128-->src/main/AndroidManifest.xml:127:9-130:48
129            android:name="kr.co.alphanewcare.CareListActivity"
129-->src/main/AndroidManifest.xml:128:13-63
130            android:screenOrientation="portrait"
130-->src/main/AndroidManifest.xml:129:13-49
131            android:theme="@style/EditTheme" />
131-->src/main/AndroidManifest.xml:130:13-45
132        <activity
132-->src/main/AndroidManifest.xml:132:9-135:48
133            android:name="kr.co.alphanewcare.TestResult"
133-->src/main/AndroidManifest.xml:133:13-57
134            android:screenOrientation="portrait"
134-->src/main/AndroidManifest.xml:134:13-49
135            android:theme="@style/EditTheme" />
135-->src/main/AndroidManifest.xml:135:13-45
136        <activity
136-->src/main/AndroidManifest.xml:136:9-139:48
137            android:name="kr.co.alphanewcare.MenuActivity"
137-->src/main/AndroidManifest.xml:137:13-59
138            android:screenOrientation="portrait"
138-->src/main/AndroidManifest.xml:138:13-49
139            android:theme="@style/EditTheme" />
139-->src/main/AndroidManifest.xml:139:13-45
140        <activity
140-->src/main/AndroidManifest.xml:140:9-143:48
141            android:name="kr.co.alphanewcare.ProfileActivity"
141-->src/main/AndroidManifest.xml:141:13-62
142            android:screenOrientation="portrait"
142-->src/main/AndroidManifest.xml:142:13-49
143            android:theme="@style/EditTheme" />
143-->src/main/AndroidManifest.xml:143:13-45
144        <activity
144-->src/main/AndroidManifest.xml:144:9-147:48
145            android:name="kr.co.alphanewcare.FaqActivity"
145-->src/main/AndroidManifest.xml:145:13-58
146            android:screenOrientation="portrait"
146-->src/main/AndroidManifest.xml:146:13-49
147            android:theme="@style/EditTheme" />
147-->src/main/AndroidManifest.xml:147:13-45
148        <activity
148-->src/main/AndroidManifest.xml:148:9-151:48
149            android:name="kr.co.alphanewcare.SettingActivity"
149-->src/main/AndroidManifest.xml:149:13-62
150            android:screenOrientation="portrait"
150-->src/main/AndroidManifest.xml:150:13-49
151            android:theme="@style/EditTheme" />
151-->src/main/AndroidManifest.xml:151:13-45
152        <activity
152-->src/main/AndroidManifest.xml:152:9-155:48
153            android:name="kr.co.alphanewcare.ServiceCenterActivity"
153-->src/main/AndroidManifest.xml:153:13-68
154            android:screenOrientation="portrait"
154-->src/main/AndroidManifest.xml:154:13-49
155            android:theme="@style/EditTheme" />
155-->src/main/AndroidManifest.xml:155:13-45
156        <activity
156-->src/main/AndroidManifest.xml:156:9-159:48
157            android:name="kr.co.alphanewcare.PrivacyActivity"
157-->src/main/AndroidManifest.xml:157:13-62
158            android:screenOrientation="portrait"
158-->src/main/AndroidManifest.xml:158:13-49
159            android:theme="@style/EditTheme" />
159-->src/main/AndroidManifest.xml:159:13-45
160        <activity
160-->src/main/AndroidManifest.xml:160:9-163:48
161            android:name="kr.co.alphanewcare.ServiceTermsActivity"
161-->src/main/AndroidManifest.xml:161:13-67
162            android:screenOrientation="portrait"
162-->src/main/AndroidManifest.xml:162:13-49
163            android:theme="@style/EditTheme" />
163-->src/main/AndroidManifest.xml:163:13-45
164        <activity
164-->src/main/AndroidManifest.xml:166:9-168:52
165            android:name="kr.co.alphanewcare.main.MainActivity"
165-->src/main/AndroidManifest.xml:167:13-64
166            android:screenOrientation="portrait" />
166-->src/main/AndroidManifest.xml:168:13-49
167        <activity
167-->src/main/AndroidManifest.xml:170:9-173:46
168            android:name="kr.co.alphanewcare.tutorial.TutorialActivity"
168-->src/main/AndroidManifest.xml:171:13-72
169            android:launchMode="singleTask"
169-->src/main/AndroidManifest.xml:173:13-44
170            android:screenOrientation="portrait" />
170-->src/main/AndroidManifest.xml:172:13-49
171        <activity
171-->src/main/AndroidManifest.xml:175:9-177:52
172            android:name="kr.co.alphanewcare.capture.CaptureActivity"
172-->src/main/AndroidManifest.xml:176:13-70
173            android:screenOrientation="portrait" />
173-->src/main/AndroidManifest.xml:177:13-49
174        <activity
174-->src/main/AndroidManifest.xml:179:9-181:52
175            android:name="kr.co.alphanewcare.result.ResultActivity"
175-->src/main/AndroidManifest.xml:180:13-68
176            android:screenOrientation="portrait" />
176-->src/main/AndroidManifest.xml:181:13-49
177        <activity
177-->src/main/AndroidManifest.xml:183:9-185:52
178            android:name="kr.co.alphanewcare.graph.GraphActivity"
178-->src/main/AndroidManifest.xml:184:13-66
179            android:screenOrientation="portrait" />
179-->src/main/AndroidManifest.xml:185:13-49
180        <activity
180-->[gun0912.ted:tedpermission:2.2.3] AndroidManifest.xml:10:9-14:67
181            android:name="com.gun0912.tedpermission.TedPermissionActivity"
181-->[gun0912.ted:tedpermission:2.2.3] AndroidManifest.xml:11:13-75
182            android:configChanges="mcc|mnc|locale|keyboard|keyboardHidden|screenLayout|fontScale|uiMode|orientation|screenSize|layoutDirection"
182-->[gun0912.ted:tedpermission:2.2.3] AndroidManifest.xml:12:13-144
183            android:screenOrientation="unspecified"
183-->[gun0912.ted:tedpermission:2.2.3] AndroidManifest.xml:13:13-52
184            android:theme="@style/Theme.Transparent.Permission" />
184-->[gun0912.ted:tedpermission:2.2.3] AndroidManifest.xml:14:13-64
185        <!--
186             FirebaseMessagingService performs security checks at runtime,
187             but set to not exported to explicitly avoid allowing another app to call it.
188        -->
189        <service
189-->[com.google.firebase:firebase-messaging:21.0.0] AndroidManifest.xml:28:9-35:19
190            android:name="com.google.firebase.messaging.FirebaseMessagingService"
190-->[com.google.firebase:firebase-messaging:21.0.0] AndroidManifest.xml:29:13-82
191            android:directBootAware="true"
191-->[com.google.firebase:firebase-messaging:21.0.0] AndroidManifest.xml:30:13-43
192            android:exported="false" >
192-->[com.google.firebase:firebase-messaging:21.0.0] AndroidManifest.xml:31:13-37
193            <intent-filter android:priority="-500" >
193-->src/main/AndroidManifest.xml:55:13-57:29
194                <action android:name="com.google.firebase.MESSAGING_EVENT" />
194-->src/main/AndroidManifest.xml:56:17-78
194-->src/main/AndroidManifest.xml:56:25-75
195            </intent-filter>
196        </service>
197        <service
197-->[com.google.firebase:firebase-messaging:21.0.0] AndroidManifest.xml:36:9-42:19
198            android:name="com.google.firebase.components.ComponentDiscoveryService"
198-->[com.google.firebase:firebase-messaging:21.0.0] AndroidManifest.xml:37:13-84
199            android:directBootAware="true"
199-->[com.google.firebase:firebase-common:19.4.0] AndroidManifest.xml:35:13-43
200            android:exported="false" >
200-->[com.google.firebase:firebase-messaging:21.0.0] AndroidManifest.xml:38:13-37
201            <meta-data
201-->[com.google.firebase:firebase-messaging:21.0.0] AndroidManifest.xml:39:13-41:85
202                android:name="com.google.firebase.components:com.google.firebase.messaging.FirebaseMessagingRegistrar"
202-->[com.google.firebase:firebase-messaging:21.0.0] AndroidManifest.xml:40:17-119
203                android:value="com.google.firebase.components.ComponentRegistrar" />
203-->[com.google.firebase:firebase-messaging:21.0.0] AndroidManifest.xml:41:17-82
204            <meta-data
204-->[com.google.firebase:firebase-iid:21.0.0] AndroidManifest.xml:32:13-34:85
205                android:name="com.google.firebase.components:com.google.firebase.iid.Registrar"
205-->[com.google.firebase:firebase-iid:21.0.0] AndroidManifest.xml:33:17-96
206                android:value="com.google.firebase.components.ComponentRegistrar" />
206-->[com.google.firebase:firebase-iid:21.0.0] AndroidManifest.xml:34:17-82
207            <meta-data
207-->[com.google.android.gms:play-services-measurement-api:18.0.0] AndroidManifest.xml:30:13-32:85
208                android:name="com.google.firebase.components:com.google.firebase.analytics.connector.internal.AnalyticsConnectorRegistrar"
208-->[com.google.android.gms:play-services-measurement-api:18.0.0] AndroidManifest.xml:31:17-139
209                android:value="com.google.firebase.components.ComponentRegistrar" />
209-->[com.google.android.gms:play-services-measurement-api:18.0.0] AndroidManifest.xml:32:17-82
210            <meta-data
210-->[com.google.firebase:firebase-datatransport:17.0.3] AndroidManifest.xml:28:13-30:85
211                android:name="com.google.firebase.components:com.google.firebase.datatransport.TransportRegistrar"
211-->[com.google.firebase:firebase-datatransport:17.0.3] AndroidManifest.xml:29:17-115
212                android:value="com.google.firebase.components.ComponentRegistrar" />
212-->[com.google.firebase:firebase-datatransport:17.0.3] AndroidManifest.xml:30:17-82
213            <meta-data
213-->[com.google.firebase:firebase-installations:16.3.4] AndroidManifest.xml:18:13-20:85
214                android:name="com.google.firebase.components:com.google.firebase.installations.FirebaseInstallationsRegistrar"
214-->[com.google.firebase:firebase-installations:16.3.4] AndroidManifest.xml:19:17-127
215                android:value="com.google.firebase.components.ComponentRegistrar" />
215-->[com.google.firebase:firebase-installations:16.3.4] AndroidManifest.xml:20:17-82
216        </service> <!-- The activity will be merged into the manifest of the hosting app. -->
217        <activity
217-->[com.google.android.play:core:1.6.4] AndroidManifest.xml:8:5-271
218            android:name="com.google.android.play.core.missingsplits.PlayCoreMissingSplitsActivity"
218-->[com.google.android.play:core:1.6.4] AndroidManifest.xml:8:15-102
219            android:enabled="false"
219-->[com.google.android.play:core:1.6.4] AndroidManifest.xml:8:103-126
220            android:exported="false"
220-->[com.google.android.play:core:1.6.4] AndroidManifest.xml:8:127-151
221            android:launchMode="singleInstance"
221-->[com.google.android.play:core:1.6.4] AndroidManifest.xml:8:204-239
222            android:process=":playcore_missing_splits_activity"
222-->[com.google.android.play:core:1.6.4] AndroidManifest.xml:8:152-203
223            android:stateNotNeeded="true" />
223-->[com.google.android.play:core:1.6.4] AndroidManifest.xml:8:240-269
224        <activity
224-->[com.google.android.play:core:1.6.4] AndroidManifest.xml:9:5-278
225            android:name="com.google.android.play.core.common.PlayCoreDialogWrapperActivity"
225-->[com.google.android.play:core:1.6.4] AndroidManifest.xml:9:15-95
226            android:enabled="false"
226-->[com.google.android.play:core:1.6.4] AndroidManifest.xml:9:96-119
227            android:exported="false"
227-->[com.google.android.play:core:1.6.4] AndroidManifest.xml:9:120-144
228            android:process=":playcore_dialog_wrapper_activity"
228-->[com.google.android.play:core:1.6.4] AndroidManifest.xml:9:175-226
229            android:stateNotNeeded="true"
229-->[com.google.android.play:core:1.6.4] AndroidManifest.xml:9:145-174
230            android:theme="@style/Theme.PlayCore.Transparent" />
230-->[com.google.android.play:core:1.6.4] AndroidManifest.xml:9:227-276
231
232        <receiver
232-->[com.google.firebase:firebase-iid:21.0.0] AndroidManifest.xml:37:9-44:20
233            android:name="com.google.firebase.iid.FirebaseInstanceIdReceiver"
233-->[com.google.firebase:firebase-iid:21.0.0] AndroidManifest.xml:38:13-78
234            android:exported="true"
234-->[com.google.firebase:firebase-iid:21.0.0] AndroidManifest.xml:39:13-36
235            android:permission="com.google.android.c2dm.permission.SEND" >
235-->[com.google.firebase:firebase-iid:21.0.0] AndroidManifest.xml:40:13-73
236            <intent-filter>
236-->[com.google.firebase:firebase-iid:21.0.0] AndroidManifest.xml:41:13-43:29
237                <action android:name="com.google.android.c2dm.intent.RECEIVE" />
237-->[com.google.firebase:firebase-iid:21.0.0] AndroidManifest.xml:42:17-81
237-->[com.google.firebase:firebase-iid:21.0.0] AndroidManifest.xml:42:25-78
238            </intent-filter>
239        </receiver>
240
241        <provider
241-->[com.google.firebase:firebase-common:19.4.0] AndroidManifest.xml:26:9-31:39
242            android:name="com.google.firebase.provider.FirebaseInitProvider"
242-->[com.google.firebase:firebase-common:19.4.0] AndroidManifest.xml:27:13-77
243            android:authorities="kr.co.alphanewcare.firebaseinitprovider"
243-->[com.google.firebase:firebase-common:19.4.0] AndroidManifest.xml:28:13-72
244            android:directBootAware="true"
244-->[com.google.firebase:firebase-common:19.4.0] AndroidManifest.xml:29:13-43
245            android:exported="false"
245-->[com.google.firebase:firebase-common:19.4.0] AndroidManifest.xml:30:13-37
246            android:initOrder="100" />
246-->[com.google.firebase:firebase-common:19.4.0] AndroidManifest.xml:31:13-36
247
248        <receiver
248-->[com.google.android.gms:play-services-measurement:18.0.0] AndroidManifest.xml:29:9-33:20
249            android:name="com.google.android.gms.measurement.AppMeasurementReceiver"
249-->[com.google.android.gms:play-services-measurement:18.0.0] AndroidManifest.xml:30:13-85
250            android:enabled="true"
250-->[com.google.android.gms:play-services-measurement:18.0.0] AndroidManifest.xml:31:13-35
251            android:exported="false" >
251-->[com.google.android.gms:play-services-measurement:18.0.0] AndroidManifest.xml:32:13-37
252        </receiver>
253
254        <service
254-->[com.google.android.gms:play-services-measurement:18.0.0] AndroidManifest.xml:35:9-38:40
255            android:name="com.google.android.gms.measurement.AppMeasurementService"
255-->[com.google.android.gms:play-services-measurement:18.0.0] AndroidManifest.xml:36:13-84
256            android:enabled="true"
256-->[com.google.android.gms:play-services-measurement:18.0.0] AndroidManifest.xml:37:13-35
257            android:exported="false" />
257-->[com.google.android.gms:play-services-measurement:18.0.0] AndroidManifest.xml:38:13-37
258        <service
258-->[com.google.android.gms:play-services-measurement:18.0.0] AndroidManifest.xml:39:9-43:72
259            android:name="com.google.android.gms.measurement.AppMeasurementJobService"
259-->[com.google.android.gms:play-services-measurement:18.0.0] AndroidManifest.xml:40:13-87
260            android:enabled="true"
260-->[com.google.android.gms:play-services-measurement:18.0.0] AndroidManifest.xml:41:13-35
261            android:exported="false"
261-->[com.google.android.gms:play-services-measurement:18.0.0] AndroidManifest.xml:42:13-37
262            android:permission="android.permission.BIND_JOB_SERVICE" />
262-->[com.google.android.gms:play-services-measurement:18.0.0] AndroidManifest.xml:43:13-69
263
264        <activity
264-->[com.google.android.gms:play-services-base:17.0.0] AndroidManifest.xml:23:9-26:75
265            android:name="com.google.android.gms.common.api.GoogleApiActivity"
265-->[com.google.android.gms:play-services-base:17.0.0] AndroidManifest.xml:24:13-79
266            android:exported="false"
266-->[com.google.android.gms:play-services-base:17.0.0] AndroidManifest.xml:25:13-37
267            android:theme="@android:style/Theme.Translucent.NoTitleBar" />
267-->[com.google.android.gms:play-services-base:17.0.0] AndroidManifest.xml:26:13-72
268
269        <meta-data
269-->[com.google.android.gms:play-services-basement:17.0.0] AndroidManifest.xml:23:9-25:69
270            android:name="com.google.android.gms.version"
270-->[com.google.android.gms:play-services-basement:17.0.0] AndroidManifest.xml:24:13-58
271            android:value="@integer/google_play_services_version" />
271-->[com.google.android.gms:play-services-basement:17.0.0] AndroidManifest.xml:25:13-66
272
273        <service
273-->[com.google.android.datatransport:transport-backend-cct:2.2.0] AndroidManifest.xml:29:9-35:19
274            android:name="com.google.android.datatransport.runtime.backends.TransportBackendDiscovery"
274-->[com.google.android.datatransport:transport-backend-cct:2.2.0] AndroidManifest.xml:30:13-103
275            android:exported="false" >
275-->[com.google.android.datatransport:transport-backend-cct:2.2.0] AndroidManifest.xml:31:13-37
276            <meta-data
276-->[com.google.android.datatransport:transport-backend-cct:2.2.0] AndroidManifest.xml:32:13-34:39
277                android:name="backend:com.google.android.datatransport.cct.CctBackendFactory"
277-->[com.google.android.datatransport:transport-backend-cct:2.2.0] AndroidManifest.xml:33:17-94
278                android:value="cct" />
278-->[com.google.android.datatransport:transport-backend-cct:2.2.0] AndroidManifest.xml:34:17-36
279        </service>
280        <service
280-->[com.google.android.datatransport:transport-runtime:2.2.0] AndroidManifest.xml:26:9-30:19
281            android:name="com.google.android.datatransport.runtime.scheduling.jobscheduling.JobInfoSchedulerService"
281-->[com.google.android.datatransport:transport-runtime:2.2.0] AndroidManifest.xml:27:13-117
282            android:exported="false"
282-->[com.google.android.datatransport:transport-runtime:2.2.0] AndroidManifest.xml:28:13-37
283            android:permission="android.permission.BIND_JOB_SERVICE" >
283-->[com.google.android.datatransport:transport-runtime:2.2.0] AndroidManifest.xml:29:13-69
284        </service>
285
286        <receiver
286-->[com.google.android.datatransport:transport-runtime:2.2.0] AndroidManifest.xml:32:9-34:40
287            android:name="com.google.android.datatransport.runtime.scheduling.jobscheduling.AlarmManagerSchedulerBroadcastReceiver"
287-->[com.google.android.datatransport:transport-runtime:2.2.0] AndroidManifest.xml:33:13-132
288            android:exported="false" />
288-->[com.google.android.datatransport:transport-runtime:2.2.0] AndroidManifest.xml:34:13-37
289    </application>
290
291</manifest>